Base path: E:/Unity/2019.1.4f1/Editor/Data
Cmd: initializeCompiler
Cmd: preprocessCompute
  insize=4828 outsize=4830 ok=1
Cmd: preprocessCompute
  insize=3598 outsize=3600 ok=1
Cmd: preprocess
  insize=10621 outsize=429 ok=1
Cmd: preprocessCompute
  insize=1626 outsize=1628 ok=1
Cmd: preprocessCompute
  insize=5050 outsize=5052 ok=1
Cmd: compileComputeKernel
  api=4 insize=5052 outsize=2357 ok=1
Cmd: preprocessCompute
  insize=4216 outsize=4218 ok=1
Cmd: compileComputeKernel
  api=4 insize=4218 outsize=1669 ok=1
Cmd: preprocess
  insize=10715 outsize=428 ok=1
Cmd: preprocessCompute
  insize=1627 outsize=1629 ok=1
Cmd: compileComputeKernel
  api=4 insize=1629 outsize=1457 ok=1
Cmd: preprocessCompute
  insize=5050 outsize=5052 ok=1
Cmd: preprocessCompute
  insize=4216 outsize=4218 ok=1
Cmd: preprocess
  insize=10715 outsize=428 ok=1
Cmd: preprocessCompute
  insize=1627 outsize=1629 ok=1
Cmd: preprocessCompute
  insize=5050 outsize=5052 ok=1
Cmd: preprocessCompute
  insize=4216 outsize=4218 ok=1
Cmd: preprocess
  insize=10715 outsize=428 ok=1
Cmd: preprocessCompute
  insize=1627 outsize=1629 ok=1
Cmd: preprocessCompute
  insize=5054 outsize=5056 ok=1
Cmd: compileComputeKernel
  api=4 insize=5056 outsize=2305 ok=1
Cmd: preprocessCompute
  insize=6363 outsize=6365 ok=1
Cmd: preprocess
  insize=10719 outsize=429 ok=1
Cmd: preprocessCompute
  insize=1626 outsize=1628 ok=1
Cmd: preprocessCompute
  insize=5054 outsize=5056 ok=1
Cmd: preprocessCompute
  insize=6363 outsize=6365 ok=1
Cmd: preprocess
  insize=10719 outsize=429 ok=1
Cmd: preprocessCompute
  insize=1626 outsize=1628 ok=1
Cmd: preprocessCompute
  insize=5054 outsize=5056 ok=1
Cmd: preprocessCompute
  insize=6363 outsize=6365 ok=1
Cmd: preprocess
  insize=10719 outsize=429 ok=1
Cmd: preprocessCompute
  insize=1626 outsize=1628 ok=1
Cmd: preprocessCompute
  insize=5054 outsize=5056 ok=1
Cmd: preprocessCompute
  insize=6363 outsize=6365 ok=1
Cmd: preprocess
  insize=10719 outsize=429 ok=1
Cmd: preprocessCompute
  insize=1626 outsize=1628 ok=1
Cmd: preprocessCompute
  insize=5054 outsize=5056 ok=1
Cmd: preprocessCompute
  insize=6363 outsize=6365 ok=1
Cmd: preprocess
  insize=10719 outsize=429 ok=1
Cmd: preprocessCompute
  insize=1626 outsize=1628 ok=1
Cmd: preprocessCompute
  insize=5054 outsize=5056 ok=1
Cmd: preprocessCompute
  insize=6363 outsize=6365 ok=1
Cmd: preprocess
  insize=10719 outsize=429 ok=1
Cmd: preprocessCompute
  insize=1626 outsize=1628 ok=1
Cmd: preprocessCompute
  insize=5054 outsize=5056 ok=1
Cmd: preprocessCompute
  insize=6363 outsize=6365 ok=1
Cmd: preprocess
  insize=10719 outsize=429 ok=1
Cmd: preprocessCompute
  insize=1626 outsize=1628 ok=1
Cmd: preprocessCompute
  insize=5054 outsize=5056 ok=1
Cmd: preprocessCompute
  insize=6363 outsize=6365 ok=1
Cmd: preprocess
  insize=10719 outsize=429 ok=1
Cmd: preprocessCompute
  insize=1626 outsize=1628 ok=1
Cmd: preprocessCompute
  insize=5054 outsize=5056 ok=1
Cmd: preprocessCompute
  insize=6363 outsize=6365 ok=1
Cmd: preprocess
  insize=10719 outsize=429 ok=1
Cmd: preprocessCompute
  insize=1626 outsize=1628 ok=1
Cmd: preprocessCompute
  insize=5050 outsize=5052 ok=1
Cmd: preprocessCompute
  insize=4216 outsize=4218 ok=1
Cmd: preprocess
  insize=10715 outsize=428 ok=1
Cmd: preprocessCompute
  insize=1627 outsize=1629 ok=1
Cmd: preprocessCompute
  insize=5050 outsize=5052 ok=1
Cmd: preprocessCompute
  insize=4216 outsize=4218 ok=1
Cmd: preprocess
  insize=10715 outsize=428 ok=1
Cmd: preprocessCompute
  insize=1627 outsize=1629 ok=1
Cmd: preprocessCompute
  insize=5050 outsize=5052 ok=1
Cmd: preprocessCompute
  insize=4216 outsize=4218 ok=1
Cmd: preprocess
  insize=10715 outsize=428 ok=1
Cmd: preprocessCompute
  insize=1627 outsize=1629 ok=1
Cmd: preprocessCompute
  insize=5058 outsize=5060 ok=1
Cmd: compileComputeKernel
  api=4 insize=5060 outsize=2357 ok=1
Cmd: preprocessCompute
  insize=4230 outsize=4232 ok=1
Cmd: preprocess
  insize=10723 outsize=429 ok=1
Cmd: preprocessCompute
  insize=1627 outsize=1629 ok=1
Cmd: compileComputeKernel
  api=4 insize=1629 outsize=1457 ok=1
Cmd: preprocessCompute
  insize=5058 outsize=5060 ok=1
Cmd: preprocessCompute
  insize=4230 outsize=4232 ok=1
Cmd: preprocess
  insize=10723 outsize=429 ok=1
Cmd: preprocessCompute
  insize=1627 outsize=1629 ok=1
Cmd: preprocessCompute
  insize=5058 outsize=5060 ok=1
Cmd: preprocessCompute
  insize=4230 outsize=4232 ok=1
Cmd: preprocess
  insize=10723 outsize=429 ok=1
Cmd: preprocessCompute
  insize=1627 outsize=1629 ok=1
Cmd: preprocessCompute
  insize=5058 outsize=5060 ok=1
Cmd: preprocessCompute
  insize=4230 outsize=4232 ok=1
Cmd: preprocess
  insize=10723 outsize=429 ok=1
Cmd: preprocessCompute
  insize=1627 outsize=1629 ok=1
Cmd: preprocessCompute
  insize=5058 outsize=5060 ok=1
Cmd: preprocessCompute
  insize=4230 outsize=4232 ok=1
Cmd: preprocess
  insize=10723 outsize=429 ok=1
Cmd: preprocessCompute
  insize=1627 outsize=1629 ok=1
Cmd: preprocessCompute
  insize=5058 outsize=5060 ok=1
Cmd: preprocessCompute
  insize=4230 outsize=4232 ok=1
Cmd: preprocess
  insize=10723 outsize=429 ok=1
Cmd: preprocessCompute
  insize=1627 outsize=1629 ok=1
Cmd: preprocessCompute
  insize=5058 outsize=5060 ok=1
Cmd: preprocessCompute
  insize=4230 outsize=4232 ok=1
Cmd: preprocess
  insize=10723 outsize=429 ok=1
Cmd: preprocessCompute
  insize=1627 outsize=1629 ok=1
Cmd: preprocessCompute
  insize=5058 outsize=5060 ok=1
Cmd: preprocessCompute
  insize=4230 outsize=4232 ok=1
Cmd: preprocess
  insize=10723 outsize=429 ok=1
Cmd: preprocessCompute
  insize=1627 outsize=1629 ok=1
Cmd: preprocessCompute
  insize=5058 outsize=5060 ok=1
Cmd: preprocessCompute
  insize=4230 outsize=4232 ok=1
Cmd: preprocess
  insize=10723 outsize=429 ok=1
Cmd: preprocessCompute
  insize=1627 outsize=1629 ok=1
Cmd: preprocessCompute
  insize=5058 outsize=5060 ok=1
Cmd: preprocessCompute
  insize=4230 outsize=4232 ok=1
Cmd: preprocess
  insize=10723 outsize=429 ok=1
Cmd: preprocessCompute
  insize=1627 outsize=1629 ok=1
Cmd: preprocessCompute
  insize=5058 outsize=5060 ok=1
Cmd: preprocessCompute
  insize=4230 outsize=4232 ok=1
Cmd: preprocess
  insize=10723 outsize=429 ok=1
Cmd: preprocessCompute
  insize=1627 outsize=1629 ok=1
Cmd: preprocessCompute
  insize=5058 outsize=5060 ok=1
Cmd: preprocessCompute
  insize=4230 outsize=4232 ok=1
Cmd: preprocess
  insize=10723 outsize=429 ok=1
Cmd: preprocessCompute
  insize=1627 outsize=1629 ok=1
Cmd: preprocessCompute
  insize=5058 outsize=5060 ok=1
Cmd: preprocessCompute
  insize=4230 outsize=4232 ok=1
Cmd: preprocess
  insize=10723 outsize=429 ok=1
Cmd: preprocessCompute
  insize=1627 outsize=1629 ok=1
Cmd: preprocessCompute
  insize=5058 outsize=5060 ok=1
Cmd: preprocessCompute
  insize=4230 outsize=4232 ok=1
Cmd: preprocess
  insize=10723 outsize=429 ok=1
Cmd: preprocessCompute
  insize=1627 outsize=1629 ok=1
Cmd: preprocessCompute
  insize=5058 outsize=5060 ok=1
Cmd: preprocessCompute
  insize=4230 outsize=4232 ok=1
Cmd: preprocess
  insize=10723 outsize=429 ok=1
Cmd: preprocessCompute
  insize=1627 outsize=1629 ok=1
Cmd: preprocessCompute
  insize=5058 outsize=5060 ok=1
Cmd: preprocessCompute
  insize=4230 outsize=4232 ok=1
Cmd: preprocess
  insize=10723 outsize=429 ok=1
Cmd: preprocessCompute
  insize=4828 outsize=4830 ok=1
Cmd: preprocessCompute
  insize=3598 outsize=3600 ok=1
Cmd: preprocess
  insize=10130 outsize=429 ok=1
Cmd: preprocessCompute
  insize=1627 outsize=1629 ok=1
Cmd: preprocessCompute
  insize=1626 outsize=1628 ok=1
Cmd: preprocessCompute
  insize=5058 outsize=5060 ok=1
Cmd: preprocessCompute
  insize=4230 outsize=4232 ok=1
Cmd: preprocess
  insize=10723 outsize=429 ok=1
Cmd: preprocessCompute
  insize=1627 outsize=1629 ok=1
Cmd: preprocessCompute
  insize=5058 outsize=5060 ok=1
Cmd: preprocessCompute
  insize=4230 outsize=4232 ok=1
Cmd: preprocess
  insize=10723 outsize=429 ok=1
Cmd: preprocessCompute
  insize=5540 outsize=5542 ok=1
Cmd: compileComputeKernel
  api=4 insize=5542 outsize=2549 ok=1
Cmd: preprocessCompute
  insize=4941 outsize=4943 ok=1
Cmd: preprocess
  insize=10608 outsize=416 ok=1
Cmd: preprocessCompute
  insize=1627 outsize=1629 ok=1
Cmd: preprocessCompute
  insize=5058 outsize=5060 ok=1
Cmd: preprocessCompute
  insize=4230 outsize=4232 ok=1
Cmd: preprocess
  insize=10723 outsize=429 ok=1
Cmd: preprocessCompute
  insize=5540 outsize=5542 ok=1
Cmd: preprocessCompute
  insize=4941 outsize=4943 ok=1
Cmd: preprocess
  insize=10608 outsize=416 ok=1
Cmd: preprocessCompute
  insize=1627 outsize=1629 ok=1
Cmd: preprocessCompute
  insize=5058 outsize=5060 ok=1
Cmd: preprocessCompute
  insize=4230 outsize=4232 ok=1
Cmd: preprocess
  insize=10723 outsize=429 ok=1
Cmd: preprocessCompute
  insize=5540 outsize=5542 ok=1
Cmd: preprocessCompute
  insize=4941 outsize=4943 ok=1
Cmd: preprocess
  insize=10608 outsize=416 ok=1
Cmd: preprocessCompute
  insize=1627 outsize=1629 ok=1
Cmd: preprocessCompute
  insize=5058 outsize=5060 ok=1
Cmd: preprocessCompute
  insize=4230 outsize=4232 ok=1
Cmd: preprocess
  insize=10723 outsize=429 ok=1
Cmd: preprocessCompute
  insize=5540 outsize=5542 ok=1
Cmd: preprocessCompute
  insize=4941 outsize=4943 ok=1
Cmd: preprocess
  insize=10608 outsize=416 ok=1
Cmd: preprocessCompute
  insize=1627 outsize=1629 ok=1
Cmd: preprocessCompute
  insize=5058 outsize=5060 ok=1
Cmd: preprocessCompute
  insize=4230 outsize=4232 ok=1
Cmd: preprocess
  insize=10723 outsize=429 ok=1
Cmd: preprocessCompute
  insize=5540 outsize=5542 ok=1
Cmd: preprocessCompute
  insize=4941 outsize=4943 ok=1
Cmd: preprocess
  insize=10608 outsize=416 ok=1
Cmd: preprocessCompute
  insize=1627 outsize=1629 ok=1
Cmd: preprocessCompute
  insize=6070 outsize=6072 ok=1
Cmd: compileComputeKernel
  api=4 insize=6072 outsize=3169 ok=1
Cmd: preprocessCompute
  insize=4230 outsize=4232 ok=1
Cmd: preprocess
  insize=10723 outsize=429 ok=1
Cmd: preprocessCompute
  insize=5540 outsize=5542 ok=1
Cmd: preprocessCompute
  insize=4941 outsize=4943 ok=1
Cmd: preprocess
  insize=10608 outsize=416 ok=1
Cmd: preprocessCompute
  insize=1627 outsize=1629 ok=1
Cmd: compileComputeKernel
  api=4 insize=1629 outsize=1457 ok=1
Cmd: preprocessCompute
  insize=6070 outsize=6072 ok=1
Cmd: preprocessCompute
  insize=4230 outsize=4232 ok=1
Cmd: preprocess
  insize=10723 outsize=429 ok=1
Cmd: preprocessCompute
  insize=1627 outsize=1629 ok=1
Cmd: preprocessCompute
  insize=5058 outsize=5060 ok=1
Cmd: preprocessCompute
  insize=4230 outsize=4232 ok=1
Cmd: preprocess
  insize=10723 outsize=429 ok=1
Cmd: preprocessCompute
  insize=1627 outsize=1629 ok=1
Cmd: preprocessCompute
  insize=6070 outsize=6072 ok=1
Cmd: preprocessCompute
  insize=4230 outsize=4232 ok=1
Cmd: preprocess
  insize=10723 outsize=429 ok=1
Cmd: preprocessCompute
  insize=1627 outsize=1629 ok=1
Cmd: preprocessCompute
  insize=5058 outsize=5060 ok=1
Cmd: preprocessCompute
  insize=4230 outsize=4232 ok=1
Cmd: preprocess
  insize=10723 outsize=429 ok=1
Cmd: preprocessCompute
  insize=1627 outsize=1629 ok=1
Cmd: preprocessCompute
  insize=5928 outsize=5930 ok=1
Cmd: compileComputeKernel
  api=4 insize=5930 outsize=3245 ok=1
Cmd: preprocessCompute
  insize=4230 outsize=4232 ok=1
Cmd: preprocess
  insize=10723 outsize=429 ok=1
Cmd: preprocessCompute
  insize=1627 outsize=1629 ok=1
Cmd: preprocessCompute
  insize=5928 outsize=5930 ok=1
Cmd: preprocessCompute
  insize=4230 outsize=4232 ok=1
Cmd: preprocess
  insize=10723 outsize=429 ok=1
Cmd: preprocessCompute
  insize=1627 outsize=1629 ok=1
Cmd: preprocessCompute
  insize=5928 outsize=5930 ok=1
Cmd: preprocessCompute
  insize=4230 outsize=4232 ok=1
Cmd: preprocess
  insize=10723 outsize=429 ok=1
Cmd: preprocessCompute
  insize=1627 outsize=1629 ok=1
Cmd: preprocessCompute
  insize=5928 outsize=5930 ok=1
Cmd: preprocessCompute
  insize=4230 outsize=4232 ok=1
Cmd: preprocess
  insize=10723 outsize=429 ok=1
Cmd: preprocessCompute
  insize=1627 outsize=1629 ok=1
Cmd: preprocessCompute
  insize=5928 outsize=5930 ok=1
Cmd: preprocessCompute
  insize=4230 outsize=4232 ok=1
Cmd: preprocess
  insize=10723 outsize=429 ok=1
Cmd: preprocessCompute
  insize=1627 outsize=1629 ok=1
Cmd: preprocessCompute
  insize=5928 outsize=5930 ok=1
Cmd: preprocessCompute
  insize=4230 outsize=4232 ok=1
Cmd: preprocess
  insize=10723 outsize=429 ok=1
Cmd: preprocessCompute
  insize=1627 outsize=1629 ok=1
Cmd: preprocessCompute
  insize=5928 outsize=5930 ok=1
Cmd: preprocessCompute
  insize=4230 outsize=4232 ok=1
Cmd: preprocess
  insize=10723 outsize=429 ok=1
Cmd: preprocessCompute
  insize=1627 outsize=1629 ok=1
Cmd: preprocessCompute
  insize=5928 outsize=5930 ok=1
Cmd: preprocessCompute
  insize=4230 outsize=4232 ok=1
Cmd: preprocess
  insize=10723 outsize=429 ok=1
Cmd: preprocessCompute
  insize=1627 outsize=1629 ok=1
Cmd: preprocessCompute
  insize=5928 outsize=5930 ok=1
Cmd: preprocessCompute
  insize=4230 outsize=4232 ok=1
Cmd: preprocess
  insize=10723 outsize=429 ok=1
Cmd: preprocessCompute
  insize=1627 outsize=1629 ok=1
Cmd: preprocessCompute
  insize=5928 outsize=5930 ok=1
Cmd: preprocessCompute
  insize=4230 outsize=4232 ok=1
Cmd: preprocess
  insize=10723 outsize=429 ok=1
Cmd: preprocessCompute
  insize=1627 outsize=1629 ok=1
Cmd: preprocessCompute
  insize=5928 outsize=5930 ok=1
Cmd: preprocessCompute
  insize=4230 outsize=4232 ok=1
Cmd: preprocess
  insize=10723 outsize=429 ok=1
Cmd: preprocessCompute
  insize=1627 outsize=1629 ok=1
Cmd: preprocessCompute
  insize=5928 outsize=5930 ok=1
Cmd: preprocessCompute
  insize=4230 outsize=4232 ok=1
Cmd: preprocess
  insize=10723 outsize=429 ok=1
Cmd: preprocessCompute
  insize=1627 outsize=1629 ok=1
Cmd: preprocessCompute
  insize=5928 outsize=5930 ok=1
Cmd: preprocessCompute
  insize=4230 outsize=4232 ok=1
Cmd: preprocess
  insize=10723 outsize=429 ok=1
Cmd: preprocessCompute
  insize=1627 outsize=1629 ok=1
Cmd: preprocessCompute
  insize=5928 outsize=5930 ok=1
Cmd: preprocessCompute
  insize=4230 outsize=4232 ok=1
Cmd: preprocess
  insize=10723 outsize=429 ok=1
Cmd: preprocessCompute
  insize=1627 outsize=1629 ok=1
Cmd: preprocessCompute
  insize=5928 outsize=5930 ok=1
Cmd: preprocessCompute
  insize=4230 outsize=4232 ok=1
Cmd: preprocess
  insize=10723 outsize=429 ok=1
Cmd: preprocessCompute
  insize=1627 outsize=1629 ok=1
Cmd: preprocessCompute
  insize=6355 outsize=6357 ok=1
Cmd: compileComputeKernel
  api=4 insize=6357 outsize=3337 ok=1
Cmd: preprocessCompute
  insize=4230 outsize=4232 ok=1
Cmd: preprocess
  insize=10821 outsize=429 ok=1
Cmd: preprocessCompute
  insize=1627 outsize=1629 ok=1
Cmd: preprocessCompute
  insize=5928 outsize=5930 ok=1
Cmd: preprocessCompute
  insize=4230 outsize=4232 ok=1
Cmd: preprocess
  insize=10723 outsize=429 ok=1
Cmd: preprocessCompute
  insize=1627 outsize=1629 ok=1
Cmd: preprocessCompute
  insize=6360 outsize=6362 ok=1
Cmd: compileComputeKernel
  api=4 insize=6362 outsize=3309 ok=1
Cmd: preprocessCompute
  insize=4230 outsize=4232 ok=1
Cmd: preprocess
  insize=10821 outsize=429 ok=1
Cmd: preprocessCompute
  insize=1627 outsize=1629 ok=1
Cmd: preprocessCompute
  insize=6360 outsize=6362 ok=1
Cmd: preprocessCompute
  insize=4230 outsize=4232 ok=1
Cmd: preprocess
  insize=10821 outsize=429 ok=1
Cmd: preprocessCompute
  insize=1627 outsize=1629 ok=1
Cmd: preprocessCompute
  insize=6360 outsize=6362 ok=1
Cmd: preprocessCompute
  insize=4230 outsize=4232 ok=1
Cmd: preprocess
  insize=10821 outsize=429 ok=1
Cmd: preprocessCompute
  insize=1627 outsize=1629 ok=1
Cmd: preprocessCompute
  insize=6782 outsize=6784 ok=1
Cmd: compileComputeKernel
  api=4 insize=6784 outsize=3385 ok=1
Cmd: preprocessCompute
  insize=4230 outsize=4232 ok=1
Cmd: preprocess
  insize=10915 outsize=428 ok=1
Cmd: preprocessCompute
  insize=1627 outsize=1629 ok=1
Cmd: preprocessCompute
  insize=6782 outsize=6784 ok=1
Cmd: preprocessCompute
  insize=4230 outsize=4232 ok=1
Cmd: preprocess
  insize=10915 outsize=428 ok=1
Cmd: preprocessCompute
  insize=1627 outsize=1629 ok=1
Cmd: preprocessCompute
  insize=6782 outsize=6784 ok=1
Cmd: preprocessCompute
  insize=4230 outsize=4232 ok=1
Cmd: preprocess
  insize=10915 outsize=428 ok=1
Cmd: preprocessCompute
  insize=1627 outsize=1629 ok=1
Cmd: preprocessCompute
  insize=6360 outsize=6362 ok=1
Cmd: preprocessCompute
  insize=4230 outsize=4232 ok=1
Cmd: preprocess
  insize=10821 outsize=429 ok=1
Cmd: preprocessCompute
  insize=1627 outsize=1629 ok=1
Cmd: preprocessCompute
  insize=6777 outsize=6779 ok=1
Cmd: compileComputeKernel
  api=4 insize=6779 outsize=3393 ok=1
Cmd: preprocessCompute
  insize=4230 outsize=4232 ok=1
Cmd: preprocess
  insize=10915 outsize=428 ok=1
Cmd: preprocessCompute
  insize=1627 outsize=1629 ok=1
Cmd: preprocessCompute
  insize=6360 outsize=6362 ok=1
Cmd: preprocessCompute
  insize=4230 outsize=4232 ok=1
Cmd: preprocess
  insize=10821 outsize=429 ok=1
Cmd: preprocessCompute
  insize=1627 outsize=1629 ok=1
Cmd: preprocessCompute
  insize=6372 outsize=6374 ok=1
Cmd: preprocessCompute
  insize=4248 outsize=4250 ok=1
Cmd: preprocess
  insize=10833 outsize=429 ok=1
Cmd: preprocessCompute
  insize=1628 outsize=1630 ok=1
Cmd: compileComputeKernel
  api=4 insize=1630 outsize=1457 ok=1
Cmd: preprocessCompute
  insize=6372 outsize=6374 ok=1
Cmd: preprocessCompute
  insize=4248 outsize=4250 ok=1
Cmd: preprocess
  insize=10833 outsize=429 ok=1
Cmd: preprocessCompute
  insize=1628 outsize=1630 ok=1
Cmd: preprocessCompute
  insize=6372 outsize=6374 ok=1
Cmd: preprocessCompute
  insize=4248 outsize=4250 ok=1
Cmd: preprocess
  insize=10833 outsize=429 ok=1
Cmd: preprocessCompute
  insize=1628 outsize=1630 ok=1
Cmd: preprocessCompute
  insize=6372 outsize=6374 ok=1
Cmd: compileComputeKernel
  api=4 insize=6374 outsize=3309 ok=1
Cmd: preprocessCompute
  insize=4248 outsize=4250 ok=1
Cmd: preprocess
  insize=10833 outsize=429 ok=1
Cmd: preprocessCompute
  insize=1628 outsize=1630 ok=1
Cmd: preprocessCompute
  insize=6417 outsize=6419 ok=1
Cmd: preprocessCompute
  insize=4247 outsize=4249 ok=1
Cmd: preprocess
  insize=11006 outsize=429 ok=1
Cmd: preprocessCompute
  insize=1628 outsize=1630 ok=1
Cmd: preprocessCompute
  insize=6372 outsize=6374 ok=1
Cmd: preprocessCompute
  insize=4248 outsize=4250 ok=1
Cmd: preprocess
  insize=10833 outsize=429 ok=1
Cmd: preprocessCompute
  insize=1628 outsize=1630 ok=1
Cmd: preprocessCompute
  insize=6372 outsize=6374 ok=1
Cmd: preprocessCompute
  insize=4248 outsize=4250 ok=1
Cmd: preprocess
  insize=10833 outsize=429 ok=1
Cmd: preprocessCompute
  insize=1628 outsize=1630 ok=1
Cmd: preprocessCompute
  insize=6372 outsize=6374 ok=1
Cmd: preprocessCompute
  insize=4248 outsize=4250 ok=1
Cmd: preprocess
  insize=10833 outsize=429 ok=1
Cmd: preprocessCompute
  insize=1628 outsize=1630 ok=1
Cmd: preprocessCompute
  insize=6417 outsize=6419 ok=1
Cmd: preprocessCompute
  insize=4247 outsize=4249 ok=1
Cmd: preprocess
  insize=11006 outsize=429 ok=1
Cmd: preprocessCompute
  insize=1628 outsize=1630 ok=1
Cmd: preprocessCompute
  insize=6417 outsize=6419 ok=1
Cmd: preprocessCompute
  insize=4247 outsize=4249 ok=1
Cmd: preprocess
  insize=11006 outsize=429 ok=1
Cmd: preprocessCompute
  insize=1628 outsize=1630 ok=1
